<?xml version="1.0" encoding="UTF-8"?>
<!-- Generated by org.testng.reporters.JUnitReportReporter -->
<testsuite hostname="AP-PC1Q4S63" failures="0" tests="1" name="Youtube.Youtube_Links" time="11.953" errors="0" timestamp="2021-06-11T15:20:24 IST" skipped="0">
  <testcase classname="Youtube.Youtube_Links" name="Youtube" time="11.953"/>
  <system-out/>
</testsuite> <!-- Youtube.Youtube_Links -->
